0 info it worked if it ends with ok
1 verbose cli [ '/usr/local/Cellar/node/7.7.3/bin/node',
1 verbose cli   '/usr/local/bin/npm',
1 verbose cli   'publish' ]
2 info using npm@4.1.2
3 info using node@v7.7.3
4 verbose publish [ '.' ]
5 silly cache add args [ '.', null ]
6 verbose cache add spec .
7 silly cache add parsed spec Result {
7 silly cache add   raw: '.',
7 silly cache add   scope: null,
7 silly cache add   escapedName: null,
7 silly cache add   name: null,
7 silly cache add   rawSpec: '.',
7 silly cache add   spec: '/Users/ghost/Downloads/react-KT/src/react-vis',
7 silly cache add   type: 'directory' }
8 verbose addLocalDirectory /Users/ghost/.npm/react-vis/0.2.0/package.tgz not in flight; packing
9 verbose correctMkdir /Users/ghost/.npm correctMkdir not in flight; initializing
10 info lifecycle react-vis@0.2.0~prepublish: react-vis@0.2.0
11 silly lifecycle react-vis@0.2.0~prepublish: no script for prepublish, continuing
12 info lifecycle react-vis@0.2.0~prepare: react-vis@0.2.0
13 silly lifecycle react-vis@0.2.0~prepare: no script for prepare, continuing
14 verbose tar pack [ '/Users/ghost/.npm/react-vis/0.2.0/package.tgz',
14 verbose tar pack   '/Users/ghost/Downloads/react-KT/src/react-vis' ]
15 verbose tarball /Users/ghost/.npm/react-vis/0.2.0/package.tgz
16 verbose folder /Users/ghost/Downloads/react-KT/src/react-vis
17 verbose addLocalTarball adding from inside cache /Users/ghost/.npm/react-vis/0.2.0/package.tgz
18 verbose correctMkdir /Users/ghost/.npm correctMkdir not in flight; initializing
19 silly cache afterAdd react-vis@0.2.0
20 verbose afterAdd /Users/ghost/.npm/react-vis/0.2.0/package/package.json not in flight; writing
21 verbose correctMkdir /Users/ghost/.npm correctMkdir not in flight; initializing
22 verbose afterAdd /Users/ghost/.npm/react-vis/0.2.0/package/package.json written
23 silly publish { _args: [ [ [Object], '/Users/ghost/Downloads/react-KT' ] ],
23 silly publish   _from: '.',
23 silly publish   _id: 'react-vis@0.2.0',
23 silly publish   _inCache: true,
23 silly publish   _location: '/react-vis',
23 silly publish   _nodeVersion: '7.10.0',
23 silly publish   _npmOperationalInternal:
23 silly publish    { host: 's3://npm-registry-packages',
23 silly publish      tmp: 'tmp/react-vis-0.2.0.tgz_1496238181363_0.8129479601047933' },
23 silly publish   _npmUser: { name: 'anish', email: 'anish.m.prasad@gmail.com' },
23 silly publish   _npmVersion: '4.2.0',
23 silly publish   _phantomChildren: {},
23 silly publish   _requested:
23 silly publish    { raw: 'react-vis@^0.2.0',
23 silly publish      scope: null,
23 silly publish      escapedName: 'react-vis',
23 silly publish      name: 'react-vis',
23 silly publish      rawSpec: '^0.2.0',
23 silly publish      spec: '>=0.2.0 <0.2.0',
23 silly publish      type: 'range' },
23 silly publish   _requiredBy: [ '#DEV:/' ],
23 silly publish   _resolved: 'https://registry.npmjs.org/react-vis/-/react-vis-0.2.0.tgz',
23 silly publish   _shasum: 'f065bfd02b69a4b1865c37c73483a6f8ec44dfe9',
23 silly publish   _shrinkwrap: null,
23 silly publish   _spec: 'react-vis@^0.2.0',
23 silly publish   _where: '/Users/ghost/Downloads/react-KT',
23 silly publish   author:
23 silly publish    { name: 'Vincent Leanish',
23 silly publish      email: 'vincent.leanish@gmail.com',
23 silly publish      url: 'http://www.vincentleanish.fr/' },
23 silly publish   bugs: { url: 'https://github.com/anish/react-vis/issues' },
23 silly publish   dependencies: { lodash: '^4.17.4', uuid: '^2.0.1', vis: '^4.18.1' },
23 silly publish   description: 'A react component to render nice graphs using vis.js',
23 silly publish   devDependencies:
23 silly publish    { 'babel-cli': '^6.22.2',
23 silly publish      'babel-preset-env': '^1.1.8',
23 silly publish      'babel-preset-stage-3': '^6.22.0' },
23 silly publish   directories: {},
23 silly publish   dist:
23 silly publish    { shasum: '5c9afbdf12242ab499d8bd2fbfeeb1433c441fae',
23 silly publish      tarball: 'https://registry.npmjs.org/react-vis/-/react-vis-0.2.0.tgz' },
23 silly publish   gitHead: 'e037c5e7e6b3c84a55d1e13e7cd64e81ebf6e3b0',
23 silly publish   homepage: 'https://github.com/anish/react-vis#readme',
23 silly publish   keywords: [ 'react-component', 'react', 'graph', 'network', 'jsx' ],
23 silly publish   license: 'MIT',
23 silly publish   main: 'lib/index.js',
23 silly publish   maintainers: [ { name: 'anish', email: 'anish.m.prasad@gmail.com' } ],
23 silly publish   name: 'react-vis',
23 silly publish   optionalDependencies: {},
23 silly publish   peerDependencies: { react: '^15.3.0' },
23 silly publish   readme: 'ERROR: No README data found!',
23 silly publish   repository:
23 silly publish    { type: 'git',
23 silly publish      url: 'git+https://github.com/anishmprasad/react-vis.git' },
23 silly publish   scripts: {},
23 silly publish   version: '0.2.0' }
24 info lifecycle react-vis@0.2.0~prepublishOnly: react-vis@0.2.0
25 silly lifecycle react-vis@0.2.0~prepublishOnly: no script for prepublishOnly, continuing
26 verbose getPublishConfig undefined
27 silly mapToRegistry name react-vis
28 silly mapToRegistry using default registry
29 silly mapToRegistry registry https://registry.npmjs.org/
30 silly mapToRegistry data Result {
30 silly mapToRegistry   raw: 'react-vis',
30 silly mapToRegistry   scope: null,
30 silly mapToRegistry   escapedName: 'react-vis',
30 silly mapToRegistry   name: 'react-vis',
30 silly mapToRegistry   rawSpec: '',
30 silly mapToRegistry   spec: 'latest',
30 silly mapToRegistry   type: 'tag' }
31 silly mapToRegistry uri https://registry.npmjs.org/react-vis
32 verbose publish registryBase https://registry.npmjs.org/
33 silly publish uploading /Users/ghost/.npm/react-vis/0.2.0/package.tgz
34 verbose request uri https://registry.npmjs.org/react-vis
35 verbose request sending authorization for write operation
36 info attempt registry request try #1 at 1:56:43 PM
37 verbose request using bearer token for auth
38 verbose request id 28214eb53421273f
39 http request PUT https://registry.npmjs.org/react-vis
40 http 403 https://registry.npmjs.org/react-vis
41 verbose headers { 'content-type': 'application/json',
41 verbose headers   'cache-control': 'max-age=300',
41 verbose headers   'content-length': '103',
41 verbose headers   'accept-ranges': 'bytes',
41 verbose headers   date: 'Sun, 23 Jul 2017 08:26:44 GMT',
41 verbose headers   via: '1.1 varnish',
41 verbose headers   connection: 'keep-alive',
41 verbose headers   'x-served-by': 'cache-lcy1144-LCY',
41 verbose headers   'x-cache': 'MISS',
41 verbose headers   'x-cache-hits': '0',
41 verbose headers   'x-timer': 'S1500798403.469423,VS0,VE551',
41 verbose headers   vary: 'Accept-Encoding, Accept' }
42 verbose request invalidating /Users/ghost/.npm/registry.npmjs.org/react-vis on PUT
43 error publish Failed PUT 403
44 verbose stack Error: you do not have permission to publish "react-vis". Are you logged in as the correct user? : react-vis
44 verbose stack     at makeError (/usr/local/lib/node_modules/npm/node_modules/npm-registry-client/lib/request.js:304:12)
44 verbose stack     at CachingRegistryClient.<anonymous> (/usr/local/lib/node_modules/npm/node_modules/npm-registry-client/lib/request.js:292:14)
44 verbose stack     at Request._callback (/usr/local/lib/node_modules/npm/node_modules/npm-registry-client/lib/request.js:212:14)
44 verbose stack     at Request.self.callback (/usr/local/lib/node_modules/npm/node_modules/request/request.js:186:22)
44 verbose stack     at emitTwo (events.js:106:13)
44 verbose stack     at Request.emit (events.js:194:7)
44 verbose stack     at Request.<anonymous> (/usr/local/lib/node_modules/npm/node_modules/request/request.js:1081:10)
44 verbose stack     at emitOne (events.js:96:13)
44 verbose stack     at Request.emit (events.js:191:7)
44 verbose stack     at IncomingMessage.<anonymous> (/usr/local/lib/node_modules/npm/node_modules/request/request.js:1001:12)
45 verbose statusCode 403
46 verbose pkgid react-vis
47 verbose cwd /Users/ghost/Downloads/react-KT/src/react-vis
48 error Darwin 16.7.0
49 error argv "/usr/local/Cellar/node/7.7.3/bin/node" "/usr/local/bin/npm" "publish"
50 error node v7.7.3
51 error npm  v4.1.2
52 error code E403
53 error you do not have permission to publish "react-vis". Are you logged in as the correct user? : react-vis
54 error If you need help, you may report this error at:
54 error     <https://github.com/npm/npm/issues>
55 verbose exit [ 1, true ]
